{"/Users/admin/Desktop/Mortgage-Calculator-Kim/client/src/Components/App.jsx": {"path":"/Users/admin/Desktop/Mortgage-Calculator-Kim/client/src/Components/App.jsx","statementMap":{"0":{"start":{"line":16,"column":42},"end":{"line":16,"column":59}},"1":{"start":{"line":17,"column":44},"end":{"line":17,"column":56}},"2":{"start":{"line":18,"column":42},"end":{"line":18,"column":56}},"3":{"start":{"line":19,"column":48},"end":{"line":19,"column":62}},"4":{"start":{"line":20,"column":34},"end":{"line":20,"column":59}},"5":{"start":{"line":23,"column":4},"end":{"line":34,"column":11}},"6":{"start":{"line":24,"column":6},"end":{"line":33,"column":11}},"7":{"start":{"line":25,"column":27},"end":{"line":25,"column":39}},"8":{"start":{"line":27,"column":10},"end":{"line":27,"column":37}},"9":{"start":{"line":28,"column":10},"end":{"line":28,"column":36}},"10":{"start":{"line":29,"column":10},"end":{"line":29,"column":49}},"11":{"start":{"line":30,"column":10},"end":{"line":30,"column":50}},"12":{"start":{"line":31,"column":10},"end":{"line":31,"column":48}},"13":{"start":{"line":32,"column":10},"end":{"line":32,"column":54}},"14":{"start":{"line":37,"column":2},"end":{"line":37,"column":14}},"15":{"start":{"line":39,"column":20},"end":{"line":39,"column":21}},"16":{"start":{"line":42,"column":27},"end":{"line":42,"column":77}},"17":{"start":{"line":43,"column":32},"end":{"line":43,"column":58}},"18":{"start":{"line":46,"column":17},"end":{"line":46,"column":19}},"19":{"start":{"line":47,"column":12},"end":{"line":47,"column":23}},"20":{"start":{"line":48,"column":12},"end":{"line":48,"column":43}},"21":{"start":{"line":49,"column":12},"end":{"line":49,"column":69}},"22":{"start":{"line":50,"column":14},"end":{"line":50,"column":39}},"23":{"start":{"line":51,"column":31},"end":{"line":51,"column":71}},"24":{"start":{"line":54,"column":24},"end":{"line":54,"column":72}},"25":{"start":{"line":57,"column":18},"end":{"line":57,"column":20}},"26":{"start":{"line":60,"column":2},"end":{"line":66,"column":3}},"27":{"start":{"line":61,"column":4},"end":{"line":61,"column":20}},"28":{"start":{"line":62,"column":9},"end":{"line":66,"column":3}},"29":{"start":{"line":63,"column":4},"end":{"line":63,"column":59}},"30":{"start":{"line":65,"column":4},"end":{"line":65,"column":20}},"31":{"start":{"line":69,"column":13},"end":{"line":69,"column":36}},"32":{"start":{"line":70,"column":26},"end":{"line":70,"column":86}},"33":{"start":{"line":71,"column":25},"end":{"line":71,"column":96}},"34":{"start":{"line":73,"column":2},"end":{"line":96,"column":4}}},"fnMap":{"0":{"name":"App","decl":{"start":{"line":15,"column":9},"end":{"line":15,"column":12}},"loc":{"start":{"line":15,"column":20},"end":{"line":97,"column":1}},"line":15},"1":{"name":"fetchData","decl":{"start":{"line":22,"column":11},"end":{"line":22,"column":20}},"loc":{"start":{"line":22,"column":23},"end":{"line":35,"column":3}},"line":22},"2":{"name":"(anonymous_2)","decl":{"start":{"line":23,"column":14},"end":{"line":23,"column":15}},"loc":{"start":{"line":23,"column":20},"end":{"line":34,"column":5}},"line":23},"3":{"name":"(anonymous_3)","decl":{"start":{"line":25,"column":14},"end":{"line":25,"column":15}},"loc":{"start":{"line":25,"column":27},"end":{"line":25,"column":39}},"line":25},"4":{"name":"(anonymous_4)","decl":{"start":{"line":26,"column":14},"end":{"line":26,"column":15}},"loc":{"start":{"line":26,"column":24},"end":{"line":33,"column":9}},"line":26}},"branchMap":{"0":{"loc":{"start":{"line":60,"column":2},"end":{"line":66,"column":3}},"type":"if","locations":[{"start":{"line":60,"column":2},"end":{"line":66,"column":3}},{"start":{"line":60,"column":2},"end":{"line":66,"column":3}}],"line":60},"1":{"loc":{"start":{"line":62,"column":9},"end":{"line":66,"column":3}},"type":"if","locations":[{"start":{"line":62,"column":9},"end":{"line":66,"column":3}},{"start":{"line":62,"column":9},"end":{"line":66,"column":3}}],"line":62}},"s":{"0":2,"1":2,"2":2,"3":2,"4":2,"5":2,"6":0,"7":0,"8":0,"9":0,"10":0,"11":0,"12":0,"13":0,"14":2,"15":2,"16":2,"17":2,"18":2,"19":2,"20":2,"21":2,"22":2,"23":2,"24":2,"25":2,"26":2,"27":0,"28":2,"29":0,"30":2,"31":2,"32":2,"33":2,"34":2},"f":{"0":2,"1":2,"2":0,"3":0,"4":0},"b":{"0":[0,2],"1":[0,2]},"_coverageSchema":"1a1c01bbd47fc00a2c39e90264f33305004495a9","hash":"0c8b84df42e7a519a4215ab7833bab81440305ce"}
,"/Users/admin/Desktop/Mortgage-Calculator-Kim/client/src/Components/CostDetails.jsx": {"path":"/Users/admin/Desktop/Mortgage-Calculator-Kim/client/src/Components/CostDetails.jsx","statementMap":{"0":{"start":{"line":5,"column":20},"end":{"line":27,"column":1}},"1":{"start":{"line":8,"column":6},"end":{"line":8,"column":11}},"2":{"start":{"line":10,"column":2},"end":{"line":26,"column":4}},"3":{"start":{"line":29,"column":0},"end":{"line":31,"column":2}}},"fnMap":{"0":{"name":"(anonymous_0)","decl":{"start":{"line":5,"column":20},"end":{"line":5,"column":21}},"loc":{"start":{"line":5,"column":31},"end":{"line":27,"column":1}},"line":5}},"branchMap":{},"s":{"0":1,"1":0,"2":0,"3":1},"f":{"0":0},"b":{},"_coverageSchema":"1a1c01bbd47fc00a2c39e90264f33305004495a9","hash":"aad7626b7b74e96e4eedf1774beb8268ba949464"}
,"/Users/admin/Desktop/Mortgage-Calculator-Kim/client/src/Components/DonutEntries.jsx": {"path":"/Users/admin/Desktop/Mortgage-Calculator-Kim/client/src/Components/DonutEntries.jsx","statementMap":{"0":{"start":{"line":5,"column":21},"end":{"line":29,"column":1}},"1":{"start":{"line":8,"column":6},"end":{"line":8,"column":11}},"2":{"start":{"line":10,"column":2},"end":{"line":28,"column":4}},"3":{"start":{"line":31,"column":0},"end":{"line":39,"column":2}}},"fnMap":{"0":{"name":"(anonymous_0)","decl":{"start":{"line":5,"column":21},"end":{"line":5,"column":22}},"loc":{"start":{"line":5,"column":32},"end":{"line":29,"column":1}},"line":5}},"branchMap":{},"s":{"0":1,"1":0,"2":0,"3":1},"f":{"0":0},"b":{},"_coverageSchema":"1a1c01bbd47fc00a2c39e90264f33305004495a9","hash":"03b0a5b61875b2ae968d583b83965c471d3afd5e"}
,"/Users/admin/Desktop/Mortgage-Calculator-Kim/client/src/Components/DonutGraph.jsx": {"path":"/Users/admin/Desktop/Mortgage-Calculator-Kim/client/src/Components/DonutGraph.jsx","statementMap":{"0":{"start":{"line":9,"column":19},"end":{"line":66,"column":1}},"1":{"start":{"line":10,"column":18},"end":{"line":10,"column":22}},"2":{"start":{"line":14,"column":6},"end":{"line":14,"column":11}},"3":{"start":{"line":16,"column":13},"end":{"line":16,"column":36}},"4":{"start":{"line":18,"column":2},"end":{"line":20,"column":3}},"5":{"start":{"line":19,"column":4},"end":{"line":19,"column":22}},"6":{"start":{"line":23,"column":23},"end":{"line":23,"column":58}},"7":{"start":{"line":24,"column":18},"end":{"line":24,"column":35}},"8":{"start":{"line":25,"column":16},"end":{"line":25,"column":43}},"9":{"start":{"line":28,"column":22},"end":{"line":28,"column":61}},"10":{"start":{"line":29,"column":17},"end":{"line":29,"column":33}},"11":{"start":{"line":30,"column":20},"end":{"line":30,"column":55}},"12":{"start":{"line":31,"column":16},"end":{"line":31,"column":41}},"13":{"start":{"line":34,"column":23},"end":{"line":34,"column":56}},"14":{"start":{"line":35,"column":18},"end":{"line":35,"column":35}},"15":{"start":{"line":36,"column":16},"end":{"line":36,"column":43}},"16":{"start":{"line":37,"column":21},"end":{"line":37,"column":69}},"17":{"start":{"line":40,"column":23},"end":{"line":40,"column":60}},"18":{"start":{"line":41,"column":18},"end":{"line":41,"column":35}},"19":{"start":{"line":42,"column":16},"end":{"line":42,"column":43}},"20":{"start":{"line":43,"column":21},"end":{"line":43,"column":83}},"21":{"start":{"line":45,"column":19},"end":{"line":45,"column":161}},"22":{"start":{"line":46,"column":16},"end":{"line":46,"column":25}},"23":{"start":{"line":48,"column":2},"end":{"line":65,"column":4}},"24":{"start":{"line":68,"column":0},"end":{"line":74,"column":2}}},"fnMap":{"0":{"name":"(anonymous_0)","decl":{"start":{"line":9,"column":19},"end":{"line":9,"column":20}},"loc":{"start":{"line":9,"column":30},"end":{"line":66,"column":1}},"line":9}},"branchMap":{"0":{"loc":{"start":{"line":18,"column":2},"end":{"line":20,"column":3}},"type":"if","locations":[{"start":{"line":18,"column":2},"end":{"line":20,"column":3}},{"start":{"line":18,"column":2},"end":{"line":20,"column":3}}],"line":18},"1":{"loc":{"start":{"line":51,"column":9},"end":{"line":51,"column":37}},"type":"cond-expr","locations":[{"start":{"line":51,"column":21},"end":{"line":51,"column":29}},{"start":{"line":51,"column":32},"end":{"line":51,"column":37}}],"line":51}},"s":{"0":1,"1":0,"2":0,"3":0,"4":0,"5":0,"6":0,"7":0,"8":0,"9":0,"10":0,"11":0,"12":0,"13":0,"14":0,"15":0,"16":0,"17":0,"18":0,"19":0,"20":0,"21":0,"22":0,"23":0,"24":1},"f":{"0":0},"b":{"0":[0,0],"1":[0,0]},"_coverageSchema":"1a1c01bbd47fc00a2c39e90264f33305004495a9","hash":"5a65967faac6b206006432892c2aba12f9b81ca2"}
,"/Users/admin/Desktop/Mortgage-Calculator-Kim/client/src/Components/DownPayment.jsx": {"path":"/Users/admin/Desktop/Mortgage-Calculator-Kim/client/src/Components/DownPayment.jsx","statementMap":{"0":{"start":{"line":5,"column":20},"end":{"line":40,"column":1}},"1":{"start":{"line":8,"column":6},"end":{"line":8,"column":11}},"2":{"start":{"line":11,"column":16},"end":{"line":11,"column":30}},"3":{"start":{"line":12,"column":4},"end":{"line":12,"column":29}},"4":{"start":{"line":14,"column":2},"end":{"line":39,"column":4}},"5":{"start":{"line":27,"column":118},"end":{"line":27,"column":148}},"6":{"start":{"line":34,"column":82},"end":{"line":34,"column":112}},"7":{"start":{"line":42,"column":0},"end":{"line":48,"column":2}}},"fnMap":{"0":{"name":"(anonymous_0)","decl":{"start":{"line":5,"column":20},"end":{"line":5,"column":21}},"loc":{"start":{"line":5,"column":31},"end":{"line":40,"column":1}},"line":5},"1":{"name":"handleDownPayment","decl":{"start":{"line":10,"column":11},"end":{"line":10,"column":28}},"loc":{"start":{"line":10,"column":32},"end":{"line":13,"column":3}},"line":10},"2":{"name":"(anonymous_2)","decl":{"start":{"line":27,"column":111},"end":{"line":27,"column":112}},"loc":{"start":{"line":27,"column":118},"end":{"line":27,"column":148}},"line":27},"3":{"name":"(anonymous_3)","decl":{"start":{"line":34,"column":75},"end":{"line":34,"column":76}},"loc":{"start":{"line":34,"column":82},"end":{"line":34,"column":112}},"line":34}},"branchMap":{"0":{"loc":{"start":{"line":15,"column":20},"end":{"line":15,"column":57}},"type":"binary-expr","locations":[{"start":{"line":15,"column":20},"end":{"line":15,"column":38}},{"start":{"line":15,"column":42},"end":{"line":15,"column":57}}],"line":15}},"s":{"0":1,"1":0,"2":0,"3":0,"4":0,"5":0,"6":0,"7":1},"f":{"0":0,"1":0,"2":0,"3":0},"b":{"0":[0,0]},"_coverageSchema":"1a1c01bbd47fc00a2c39e90264f33305004495a9","hash":"ab11c92629a505470a7429757b39bdf169117261"}
,"/Users/admin/Desktop/Mortgage-Calculator-Kim/client/src/Components/Empty.jsx": {"path":"/Users/admin/Desktop/Mortgage-Calculator-Kim/client/src/Components/Empty.jsx","statementMap":{"0":{"start":{"line":4,"column":14},"end":{"line":14,"column":1}},"1":{"start":{"line":5,"column":2},"end":{"line":13,"column":4}}},"fnMap":{"0":{"name":"(anonymous_0)","decl":{"start":{"line":4,"column":14},"end":{"line":4,"column":15}},"loc":{"start":{"line":4,"column":20},"end":{"line":14,"column":1}},"line":4}},"branchMap":{},"s":{"0":1,"1":0},"f":{"0":0},"b":{},"_coverageSchema":"1a1c01bbd47fc00a2c39e90264f33305004495a9","hash":"8fb8a4ce312069774d69600b7d93435e450a62a2"}
,"/Users/admin/Desktop/Mortgage-Calculator-Kim/client/src/Components/FinancialDetails.jsx": {"path":"/Users/admin/Desktop/Mortgage-Calculator-Kim/client/src/Components/FinancialDetails.jsx","statementMap":{"0":{"start":{"line":10,"column":25},"end":{"line":37,"column":1}},"1":{"start":{"line":13,"column":6},"end":{"line":13,"column":11}},"2":{"start":{"line":14,"column":13},"end":{"line":14,"column":36}},"3":{"start":{"line":16,"column":26},"end":{"line":16,"column":55}},"4":{"start":{"line":17,"column":28},"end":{"line":17,"column":61}},"5":{"start":{"line":18,"column":32},"end":{"line":18,"column":53}},"6":{"start":{"line":19,"column":29},"end":{"line":19,"column":47}},"7":{"start":{"line":21,"column":2},"end":{"line":36,"column":4}},"8":{"start":{"line":39,"column":0},"end":{"line":50,"column":2}}},"fnMap":{"0":{"name":"(anonymous_0)","decl":{"start":{"line":10,"column":25},"end":{"line":10,"column":26}},"loc":{"start":{"line":10,"column":36},"end":{"line":37,"column":1}},"line":10}},"branchMap":{},"s":{"0":1,"1":0,"2":0,"3":0,"4":0,"5":0,"6":0,"7":0,"8":1},"f":{"0":0},"b":{},"_coverageSchema":"1a1c01bbd47fc00a2c39e90264f33305004495a9","hash":"6da337557c3960302cf79db6c3c7d72a4ead6b00"}
,"/Users/admin/Desktop/Mortgage-Calculator-Kim/client/src/Components/HomePrice.jsx": {"path":"/Users/admin/Desktop/Mortgage-Calculator-Kim/client/src/Components/HomePrice.jsx","statementMap":{"0":{"start":{"line":6,"column":18},"end":{"line":32,"column":1}},"1":{"start":{"line":9,"column":6},"end":{"line":9,"column":11}},"2":{"start":{"line":11,"column":22},"end":{"line":14,"column":3}},"3":{"start":{"line":12,"column":22},"end":{"line":12,"column":30}},"4":{"start":{"line":13,"column":4},"end":{"line":13,"column":27}},"5":{"start":{"line":16,"column":2},"end":{"line":31,"column":4}}},"fnMap":{"0":{"name":"(anonymous_0)","decl":{"start":{"line":6,"column":18},"end":{"line":6,"column":19}},"loc":{"start":{"line":6,"column":29},"end":{"line":32,"column":1}},"line":6},"1":{"name":"(anonymous_1)","decl":{"start":{"line":11,"column":22},"end":{"line":11,"column":23}},"loc":{"start":{"line":11,"column":29},"end":{"line":14,"column":3}},"line":11}},"branchMap":{"0":{"loc":{"start":{"line":17,"column":20},"end":{"line":17,"column":57}},"type":"binary-expr","locations":[{"start":{"line":17,"column":20},"end":{"line":17,"column":38}},{"start":{"line":17,"column":42},"end":{"line":17,"column":57}}],"line":17}},"s":{"0":2,"1":2,"2":2,"3":0,"4":0,"5":2},"f":{"0":2,"1":0},"b":{"0":[2,0]},"_coverageSchema":"1a1c01bbd47fc00a2c39e90264f33305004495a9","hash":"3e47715ff725ae6b69097b88cef5212345711600"}
,"/Users/admin/Desktop/Mortgage-Calculator-Kim/client/src/Components/InterestRate.jsx": {"path":"/Users/admin/Desktop/Mortgage-Calculator-Kim/client/src/Components/InterestRate.jsx","statementMap":{"0":{"start":{"line":5,"column":21},"end":{"line":25,"column":1}},"1":{"start":{"line":8,"column":6},"end":{"line":8,"column":11}},"2":{"start":{"line":10,"column":2},"end":{"line":24,"column":4}},"3":{"start":{"line":17,"column":132},"end":{"line":17,"column":163}},"4":{"start":{"line":20,"column":98},"end":{"line":20,"column":129}}},"fnMap":{"0":{"name":"(anonymous_0)","decl":{"start":{"line":5,"column":21},"end":{"line":5,"column":22}},"loc":{"start":{"line":5,"column":32},"end":{"line":25,"column":1}},"line":5},"1":{"name":"(anonymous_1)","decl":{"start":{"line":17,"column":125},"end":{"line":17,"column":126}},"loc":{"start":{"line":17,"column":132},"end":{"line":17,"column":163}},"line":17},"2":{"name":"(anonymous_2)","decl":{"start":{"line":20,"column":91},"end":{"line":20,"column":92}},"loc":{"start":{"line":20,"column":98},"end":{"line":20,"column":129}},"line":20}},"branchMap":{"0":{"loc":{"start":{"line":11,"column":20},"end":{"line":11,"column":57}},"type":"binary-expr","locations":[{"start":{"line":11,"column":20},"end":{"line":11,"column":38}},{"start":{"line":11,"column":42},"end":{"line":11,"column":57}}],"line":11}},"s":{"0":1,"1":0,"2":0,"3":0,"4":0},"f":{"0":0,"1":0,"2":0},"b":{"0":[0,0]},"_coverageSchema":"1a1c01bbd47fc00a2c39e90264f33305004495a9","hash":"c5a25dc93229169e7c7d5248a91ebbfbb6695d2f"}
,"/Users/admin/Desktop/Mortgage-Calculator-Kim/client/src/Components/LoanType.jsx": {"path":"/Users/admin/Desktop/Mortgage-Calculator-Kim/client/src/Components/LoanType.jsx","statementMap":{"0":{"start":{"line":5,"column":17},"end":{"line":50,"column":1}},"1":{"start":{"line":8,"column":6},"end":{"line":8,"column":11}},"2":{"start":{"line":10,"column":23},"end":{"line":13,"column":3}},"3":{"start":{"line":11,"column":4},"end":{"line":11,"column":58}},"4":{"start":{"line":12,"column":4},"end":{"line":12,"column":41}},"5":{"start":{"line":15,"column":2},"end":{"line":49,"column":4}}},"fnMap":{"0":{"name":"(anonymous_0)","decl":{"start":{"line":5,"column":17},"end":{"line":5,"column":18}},"loc":{"start":{"line":5,"column":28},"end":{"line":50,"column":1}},"line":5},"1":{"name":"(anonymous_1)","decl":{"start":{"line":10,"column":23},"end":{"line":10,"column":24}},"loc":{"start":{"line":10,"column":30},"end":{"line":13,"column":3}},"line":10}},"branchMap":{"0":{"loc":{"start":{"line":16,"column":20},"end":{"line":16,"column":57}},"type":"binary-expr","locations":[{"start":{"line":16,"column":20},"end":{"line":16,"column":38}},{"start":{"line":16,"column":42},"end":{"line":16,"column":57}}],"line":16}},"s":{"0":2,"1":2,"2":2,"3":0,"4":0,"5":2},"f":{"0":2,"1":0},"b":{"0":[2,0]},"_coverageSchema":"1a1c01bbd47fc00a2c39e90264f33305004495a9","hash":"187b300a684ab4c677413a2f612d9768e805d556"}
,"/Users/admin/Desktop/Mortgage-Calculator-Kim/client/src/Components/PaymentContainer.jsx": {"path":"/Users/admin/Desktop/Mortgage-Calculator-Kim/client/src/Components/PaymentContainer.jsx","statementMap":{"0":{"start":{"line":5,"column":25},"end":{"line":85,"column":1}},"1":{"start":{"line":6,"column":13},"end":{"line":6,"column":36}},"2":{"start":{"line":9,"column":6},"end":{"line":9,"column":11}},"3":{"start":{"line":10,"column":2},"end":{"line":84,"column":4}}},"fnMap":{"0":{"name":"(anonymous_0)","decl":{"start":{"line":5,"column":25},"end":{"line":5,"column":26}},"loc":{"start":{"line":5,"column":36},"end":{"line":85,"column":1}},"line":5}},"branchMap":{},"s":{"0":2,"1":1,"2":1,"3":1},"f":{"0":1},"b":{},"_coverageSchema":"1a1c01bbd47fc00a2c39e90264f33305004495a9","hash":"e73447062ac7ba54ff98093e69e25df622fcfd01"}
,"/Users/admin/Desktop/Mortgage-Calculator-Kim/client/src/Components/PreQualified.jsx": {"path":"/Users/admin/Desktop/Mortgage-Calculator-Kim/client/src/Components/PreQualified.jsx","statementMap":{"0":{"start":{"line":5,"column":21},"end":{"line":43,"column":1}},"1":{"start":{"line":7,"column":4},"end":{"line":7,"column":90}},"2":{"start":{"line":10,"column":2},"end":{"line":42,"column":4}}},"fnMap":{"0":{"name":"(anonymous_0)","decl":{"start":{"line":5,"column":21},"end":{"line":5,"column":22}},"loc":{"start":{"line":5,"column":27},"end":{"line":43,"column":1}},"line":5},"1":{"name":"handleSearch","decl":{"start":{"line":6,"column":11},"end":{"line":6,"column":23}},"loc":{"start":{"line":6,"column":26},"end":{"line":8,"column":3}},"line":6}},"branchMap":{"0":{"loc":{"start":{"line":12,"column":22},"end":{"line":12,"column":61}},"type":"binary-expr","locations":[{"start":{"line":12,"column":22},"end":{"line":12,"column":40}},{"start":{"line":12,"column":44},"end":{"line":12,"column":61}}],"line":12},"1":{"loc":{"start":{"line":21,"column":24},"end":{"line":21,"column":63}},"type":"binary-expr","locations":[{"start":{"line":21,"column":24},"end":{"line":21,"column":42}},{"start":{"line":21,"column":46},"end":{"line":21,"column":63}}],"line":21},"2":{"loc":{"start":{"line":33,"column":24},"end":{"line":33,"column":63}},"type":"binary-expr","locations":[{"start":{"line":33,"column":24},"end":{"line":33,"column":42}},{"start":{"line":33,"column":46},"end":{"line":33,"column":63}}],"line":33}},"s":{"0":1,"1":0,"2":0},"f":{"0":0,"1":0},"b":{"0":[0,0],"1":[0,0],"2":[0,0]},"_coverageSchema":"1a1c01bbd47fc00a2c39e90264f33305004495a9","hash":"7cd668d1c3f0dc3cef0de025959d4a124d78b9b4"}
}
