TN:
SF:client/src/Components/App.jsx
FN:15,App
FN:22,fetchData
FN:23,(anonymous_2)
FN:25,(anonymous_3)
FN:26,(anonymous_4)
FNF:5
FNH:2
FNDA:2,App
FNDA:2,fetchData
FNDA:0,(anonymous_2)
FNDA:0,(anonymous_3)
FNDA:0,(anonymous_4)
DA:16,2
DA:17,2
DA:18,2
DA:19,2
DA:20,2
DA:23,2
DA:24,0
DA:25,0
DA:27,0
DA:28,0
DA:29,0
DA:30,0
DA:31,0
DA:32,0
DA:37,2
DA:39,2
DA:42,2
DA:43,2
DA:46,2
DA:47,2
DA:48,2
DA:49,2
DA:50,2
DA:51,2
DA:54,2
DA:57,2
DA:60,2
DA:61,0
DA:62,2
DA:63,0
DA:65,2
DA:69,2
DA:70,2
DA:71,2
DA:73,2
LF:35
LH:25
BRDA:60,0,0,0
BRDA:60,0,1,2
BRDA:62,1,0,0
BRDA:62,1,1,2
BRF:4
BRH:2
end_of_record
TN:
SF:client/src/Components/CostDetails.jsx
FN:5,(anonymous_0)
FNF:1
FNH:0
FNDA:0,(anonymous_0)
DA:5,1
DA:8,0
DA:10,0
DA:29,1
LF:4
LH:2
BRF:0
BRH:0
end_of_record
TN:
SF:client/src/Components/DonutEntries.jsx
FN:5,(anonymous_0)
FNF:1
FNH:0
FNDA:0,(anonymous_0)
DA:5,1
DA:8,0
DA:10,0
DA:31,1
LF:4
LH:2
BRF:0
BRH:0
end_of_record
TN:
SF:client/src/Components/DonutGraph.jsx
FN:9,(anonymous_0)
FNF:1
FNH:0
FNDA:0,(anonymous_0)
DA:9,1
DA:10,0
DA:14,0
DA:16,0
DA:18,0
DA:19,0
DA:23,0
DA:24,0
DA:25,0
DA:28,0
DA:29,0
DA:30,0
DA:31,0
DA:34,0
DA:35,0
DA:36,0
DA:37,0
DA:40,0
DA:41,0
DA:42,0
DA:43,0
DA:45,0
DA:46,0
DA:48,0
DA:68,1
LF:25
LH:2
BRDA:18,0,0,0
BRDA:18,0,1,0
BRDA:51,1,0,0
BRDA:51,1,1,0
BRF:4
BRH:0
end_of_record
TN:
SF:client/src/Components/DownPayment.jsx
FN:5,(anonymous_0)
FN:10,handleDownPayment
FN:27,(anonymous_2)
FN:34,(anonymous_3)
FNF:4
FNH:0
FNDA:0,(anonymous_0)
FNDA:0,handleDownPayment
FNDA:0,(anonymous_2)
FNDA:0,(anonymous_3)
DA:5,1
DA:8,0
DA:11,0
DA:12,0
DA:14,0
DA:27,0
DA:34,0
DA:42,1
LF:8
LH:2
BRDA:15,0,0,0
BRDA:15,0,1,0
BRF:2
BRH:0
end_of_record
TN:
SF:client/src/Components/Empty.jsx
FN:4,(anonymous_0)
FNF:1
FNH:0
FNDA:0,(anonymous_0)
DA:4,1
DA:5,0
LF:2
LH:1
BRF:0
BRH:0
end_of_record
TN:
SF:client/src/Components/FinancialDetails.jsx
FN:10,(anonymous_0)
FNF:1
FNH:0
FNDA:0,(anonymous_0)
DA:10,1
DA:13,0
DA:14,0
DA:16,0
DA:17,0
DA:18,0
DA:19,0
DA:21,0
DA:39,1
LF:9
LH:2
BRF:0
BRH:0
end_of_record
TN:
SF:client/src/Components/HomePrice.jsx
FN:6,(anonymous_0)
FN:11,(anonymous_1)
FNF:2
FNH:1
FNDA:2,(anonymous_0)
FNDA:0,(anonymous_1)
DA:6,2
DA:9,2
DA:11,2
DA:12,0
DA:13,0
DA:16,2
LF:6
LH:4
BRDA:17,0,0,2
BRDA:17,0,1,0
BRF:2
BRH:1
end_of_record
TN:
SF:client/src/Components/InterestRate.jsx
FN:5,(anonymous_0)
FN:17,(anonymous_1)
FN:20,(anonymous_2)
FNF:3
FNH:0
FNDA:0,(anonymous_0)
FNDA:0,(anonymous_1)
FNDA:0,(anonymous_2)
DA:5,1
DA:8,0
DA:10,0
DA:17,0
DA:20,0
LF:5
LH:1
BRDA:11,0,0,0
BRDA:11,0,1,0
BRF:2
BRH:0
end_of_record
TN:
SF:client/src/Components/LoanType.jsx
FN:5,(anonymous_0)
FN:10,(anonymous_1)
FNF:2
FNH:1
FNDA:2,(anonymous_0)
FNDA:0,(anonymous_1)
DA:5,2
DA:8,2
DA:10,2
DA:11,0
DA:12,0
DA:15,2
LF:6
LH:4
BRDA:16,0,0,2
BRDA:16,0,1,0
BRF:2
BRH:1
end_of_record
TN:
SF:client/src/Components/PaymentContainer.jsx
FN:5,(anonymous_0)
FNF:1
FNH:1
FNDA:1,(anonymous_0)
DA:5,2
DA:6,1
DA:9,1
DA:10,1
LF:4
LH:4
BRF:0
BRH:0
end_of_record
TN:
SF:client/src/Components/PreQualified.jsx
FN:5,(anonymous_0)
FN:6,handleSearch
FNF:2
FNH:0
FNDA:0,(anonymous_0)
FNDA:0,handleSearch
DA:5,1
DA:7,0
DA:10,0
LF:3
LH:1
BRDA:12,0,0,0
BRDA:12,0,1,0
BRDA:21,1,0,0
BRDA:21,1,1,0
BRDA:33,2,0,0
BRDA:33,2,1,0
BRF:6
BRH:0
end_of_record
